<?xml version="1.0" encoding="UTF-8"?>
<!-- Generated by org.testng.reporters.JUnitReportReporter -->
<testsuite hostname="Shila" failures="0" tests="1" name="TestCases.TC2_LoginTest" time="2.451" errors="0" timestamp="2025-04-11T15:04:34 IST" skipped="0">
  <testcase classname="TestCases.TC2_LoginTest" name="verify_Login" time="2.451"/>
</testsuite> <!-- TestCases.TC2_LoginTest -->
