<?xml version="1.0" encoding="UTF-8"?>
<!-- Generated by org.testng.reporters.JUnitReportReporter -->
<testsuite hostname="Shila" failures="0" tests="1" name="TestCases.TC1_AccountRegistrationTest" time="3.674" errors="0" timestamp="2025-04-11T15:04:34 IST" skipped="0">
  <testcase classname="TestCases.TC1_AccountRegistrationTest" name="verify_AccountRegistration" time="3.674"/>
</testsuite> <!-- TestCases.TC1_AccountRegistrationTest -->
